2023-01-05 13:41:17,181 - INFO - crawl url: https://vi.wikipedia.org/wiki/B%E1%BA%AFn_cung_t%E1%BA%A1i_%C4%90%E1%BA%A1i_h%E1%BB%99i_Th%E1%BB%83_thao_%C4%90%C3%B4ng_Nam_%C3%81_2021
2023-01-05 13:41:46,756 - INFO - crawl url: https://www.24h.com.vn/the-thao/lich-thi-dau-mon-ban-cung-tai-sea-games-31-moi-nhat-c101a1357049.html
2023-01-05 13:41:51,027 - INFO - crawl url: https://vi.wikipedia.org/wiki/Bi-a_t%E1%BA%A1i_%C4%90%E1%BA%A1i_h%E1%BB%99i_Th%E1%BB%83_thao_%C4%90%C3%B4ng_Nam_%C3%81_2021
2023-01-05 13:41:55,332 - INFO - crawl url: https://ithethao.vn/sea-games/lich-sea-games/lich-thi-dau-bowling-sea-games-31-tai-viet-nam-moi-nhat-tt42198.html
2023-01-05 13:41:57,114 - INFO - crawl url: https://ithethao.vn/sea-games/lich-sea-games/lich-thi-dau-boi-loi-sea-games-31-tai-viet-nam-2022-hom-nay-tt41213.html
2023-01-05 13:41:57,635 - INFO - crawl url: https://ithethao.vn/sea-games/lich-sea-games/lich-thi-dau-bo-mon-lien-minh-huyen-thoai-tai-sea-games-31-tt41812.html
2023-01-05 13:41:58,139 - INFO - crawl url: https://webthethao.vn/ket-qua-sea-games/ket-qua-lol-sea-games-31-hom-nay-moi-nhat-ylBL81u7g.htm
2023-01-05 13:41:59,586 - INFO - crawl url: https://www.qdnd.vn/the-thao/sea-games-31/tin-tuc/sea-games-31-dien-kinh-viet-nam-can-bang-ky-luc-cua-thai-lan-694968
2023-01-05 13:42:00,434 - INFO - crawl url: https://bongda24h.vn/bong-da-nam-sea-games/bang-xep-hang-56.html
2023-01-05 13:42:00,883 - INFO - crawl url: https://webthethao.vn/esports-sea-games/lich-thi-dau-lmht-sea-games-31-moi-nhat-rhbZlV87g.htm
2023-01-05 13:48:29,586 - INFO - crawl url: https://vi.wikipedia.org/wiki/B%E1%BA%AFn_cung_t%E1%BA%A1i_%C4%90%E1%BA%A1i_h%E1%BB%99i_Th%E1%BB%83_thao_%C4%90%C3%B4ng_Nam_%C3%81_2021
2023-01-05 13:48:36,379 - INFO - crawl url: https://www.24h.com.vn/the-thao/lich-thi-dau-mon-ban-cung-tai-sea-games-31-moi-nhat-c101a1357049.html
2023-01-05 13:48:39,605 - INFO - crawl url: https://vi.wikipedia.org/wiki/Bi-a_t%E1%BA%A1i_%C4%90%E1%BA%A1i_h%E1%BB%99i_Th%E1%BB%83_thao_%C4%90%C3%B4ng_Nam_%C3%81_2021
2023-01-05 13:48:50,258 - INFO - crawl url: https://ithethao.vn/sea-games/lich-sea-games/lich-thi-dau-bowling-sea-games-31-tai-viet-nam-moi-nhat-tt42198.html
2023-01-05 13:48:53,473 - INFO - crawl url: https://ithethao.vn/sea-games/lich-sea-games/lich-thi-dau-boi-loi-sea-games-31-tai-viet-nam-2022-hom-nay-tt41213.html
2023-01-05 13:48:53,839 - INFO - crawl url: https://ithethao.vn/sea-games/lich-sea-games/lich-thi-dau-bo-mon-lien-minh-huyen-thoai-tai-sea-games-31-tt41812.html
2023-01-05 13:48:54,375 - INFO - crawl url: https://webthethao.vn/ket-qua-sea-games/ket-qua-lol-sea-games-31-hom-nay-moi-nhat-ylBL81u7g.htm
2023-01-05 13:48:56,728 - INFO - crawl url: https://www.qdnd.vn/the-thao/sea-games-31/tin-tuc/sea-games-31-dien-kinh-viet-nam-can-bang-ky-luc-cua-thai-lan-694968
2023-01-05 13:48:57,935 - INFO - crawl url: https://bongda24h.vn/bong-da-nam-sea-games/bang-xep-hang-56.html
2023-01-05 13:48:59,449 - INFO - crawl url: https://webthethao.vn/esports-sea-games/lich-thi-dau-lmht-sea-games-31-moi-nhat-rhbZlV87g.htm
